<?xml version="1.0" encoding="UTF-8"?>
<!-- Generated by org.testng.reporters.JUnitReportReporter -->
<testsuite hostname="DESKTOP-9ODT9HC" failures="0" tests="1" name="Project.FirstTest" time="9.293" errors="0" timestamp="2023-12-20T14:42:35 IST" skipped="0">
  <testcase classname="Project.FirstTest" name="testcase" time="9.293"/>
  <system-out/>
</testsuite> <!-- Project.FirstTest -->
