<?xml version="1.0" encoding="UTF-8"?>
<!-- Generated by org.testng.reporters.JUnitReportReporter -->
<testsuite hostname="DESKTOP-9ODT9HC" failures="0" tests="1" name="EXTENTREPORT.Program" time="35.138" errors="0" timestamp="2023-12-23T14:50:27 IST" skipped="0">
  <testcase classname="EXTENTREPORT.Program" name="report" time="35.138"/>
  <system-out/>
</testsuite> <!-- EXTENTREPORT.Program -->
